<?xml version="1.0" encoding="UTF-8"?>
<!-- Generated by org.testng.reporters.JUnitReportReporter -->
<testsuite hostname="DESKTOP-8HJJ6Q4" failures="0" tests="1" name="testCases.TC_002_Login" time="5.269" errors="0" timestamp="2021-08-21T19:45:08 EDT" skipped="0">
  <testcase classname="testCases.TC_002_Login" name="test_Login" time="5.269"/>
  <system-out/>
</testsuite> <!-- testCases.TC_002_Login -->
